STAR version=2.7.11b
STAR compilation time,server,dir=2024-11-25T09:14:51+0000 :/opt/conda/conda-bld/star_1732525954305/work/source
##### Command Line:
/home/pabloati/miniforge3/envs/sqanti3/bin/STAR-avx2 --runThreadN 7 --runMode genomeGenerate --genomeDir example/SQANTI3_QC_reference/STAR_index/ --genomeFastaFiles data/reference/GRCh38.p13_chr22.fasta --outTmpDir example/SQANTI3_QC_reference/STAR_index//_STARtmp/
##### Initial USER parameters from Command Line:
outTmpDir                         example/SQANTI3_QC_reference/STAR_index//_STARtmp/
###### All USER parameters from Command Line:
runThreadN                    7     ~RE-DEFINED
runMode                       genomeGenerate        ~RE-DEFINED
genomeDir                     example/SQANTI3_QC_reference/STAR_index/     ~RE-DEFINED
genomeFastaFiles              data/reference/GRCh38.p13_chr22.fasta        ~RE-DEFINED
outTmpDir                     example/SQANTI3_QC_reference/STAR_index//_STARtmp/     ~RE-DEFINED
##### Finished reading parameters from all sources

##### Final user re-defined parameters-----------------:
runMode                           genomeGenerate   
runThreadN                        7
genomeDir                         example/SQANTI3_QC_reference/STAR_index/
genomeFastaFiles                  data/reference/GRCh38.p13_chr22.fasta   
outTmpDir                         example/SQANTI3_QC_reference/STAR_index//_STARtmp/

-------------------------------
##### Final effective command line:
/home/pabloati/miniforge3/envs/sqanti3/bin/STAR-avx2   --runMode genomeGenerate      --runThreadN 7   --genomeDir example/SQANTI3_QC_reference/STAR_index/   --genomeFastaFiles data/reference/GRCh38.p13_chr22.fasta      --outTmpDir example/SQANTI3_QC_reference/STAR_index//_STARtmp/
----------------------------------------

Number of fastq files for each mate = 1
ParametersSolo: --soloCellFilterType CellRanger2.2 filtering parameters:  3000 0.99 10
Finished loading and checking parameters
--genomeDir directory exists and will be overwritten: example/SQANTI3_QC_reference/STAR_index/
Jun 20 10:08:41 ... starting to generate Genome files
data/reference/GRCh38.p13_chr22.fasta : chr # 0  "chr22" chrStart: 0
Chromosome sequence lengths: 
chr22	50818468
Genome sequence total length = 50818468
Genome size with padding = 50855936
!!!!! WARNING: --genomeSAindexNbases 14 is too large for the genome size=50818468, which may cause seg-fault at the mapping step. Re-run genome generation with recommended --genomeSAindexNbases 11
Estimated genome size with padding and SJs: total=genome+SJ=251855936 = 50855936 + 201000000
GstrandBit=32
Number of SA indices: 78319554
Jun 20 10:08:42 ... starting to sort Suffix Array. This may take a long time...
Number of chunks: 7;   chunks size limit: 104426072 bytes
Jun 20 10:08:42 ... sorting Suffix Array chunks and saving them to disk...
Writing 102353264 bytes into example/SQANTI3_QC_reference/STAR_index//SA_0 ; empty space on disk = 31637344256 bytes ... done
Writing 103395328 bytes into example/SQANTI3_QC_reference/STAR_index//SA_1 ; empty space on disk = 31534989312 bytes ... done
Writing 103673216 bytes into example/SQANTI3_QC_reference/STAR_index//SA_2 ; empty space on disk = 31431593984 bytes ... done
Writing 102502544 bytes into example/SQANTI3_QC_reference/STAR_index//SA_3 ; empty space on disk = 31327920128 bytes ... done
Writing 103577440 bytes into example/SQANTI3_QC_reference/STAR_index//SA_4 ; empty space on disk = 31225413632 bytes ... done
Writing 103176216 bytes into example/SQANTI3_QC_reference/STAR_index//SA_5 ; empty space on disk = 31121833984 bytes ... done
Writing 7878424 bytes into example/SQANTI3_QC_reference/STAR_index//SA_6 ; empty space on disk = 31018655744 bytes ... done
Jun 20 10:09:15 ... loading chunks from disk, packing SA...
Jun 20 10:09:16 ... finished generating suffix array
Jun 20 10:09:16 ... generating Suffix Array index
Jun 20 10:09:29 ... completed Suffix Array index
Jun 20 10:09:29 ... writing Genome to disk ...
Writing 50855936 bytes into example/SQANTI3_QC_reference/STAR_index//Genome ; empty space on disk = 31637340160 bytes ... done
SA size in bytes: 323068164
Jun 20 10:09:29 ... writing Suffix Array to disk ...
Writing 323068164 bytes into example/SQANTI3_QC_reference/STAR_index//SA ; empty space on disk = 31586480128 bytes ... done
Jun 20 10:09:30 ... writing SAindex to disk
Writing 8 bytes into example/SQANTI3_QC_reference/STAR_index//SAindex ; empty space on disk = 31263408128 bytes ... done
Writing 120 bytes into example/SQANTI3_QC_reference/STAR_index//SAindex ; empty space on disk = 31263408128 bytes ... done
Writing 1565873491 bytes into example/SQANTI3_QC_reference/STAR_index//SAindex ; empty space on disk = 31263408128 bytes ... done
Jun 20 10:09:30 ..... finished successfully
DONE: Genome generation, EXITING
