STAR version=2.7.11b
STAR compilation time,server,dir=2024-11-25T09:14:51+0000 :/opt/conda/conda-bld/star_1732525954305/work/source
##### Command Line:
/home/pabloati/miniforge3/envs/sqanti3/bin/STAR-avx2 --runThreadN 7 --genomeDir example/SQANTI3_QC_reference/STAR_index/ --readFilesIn data/short_reads/UHR_Rep1_chr22.R1.fastq.gz data/short_reads/UHR_Rep1_chr22.R2.fastq.gz --outFileNamePrefix example/SQANTI3_QC_reference/STAR_mapping/UHR_Rep1_chr22 --alignSJoverhangMin 8 --alignSJDBoverhangMin 1 --outFilterType BySJout --outSAMunmapped Within --outFilterMultimapNmax 20 --outFilterMismatchNoverLmax 0.04 --outFilterMismatchNmax 999 --alignIntronMin 20 --alignIntronMax 1000000 --alignMatesGapMax 1000000 --sjdbScore 1 --genomeLoad NoSharedMemory --outSAMtype BAM SortedByCoordinate --twopassMode Basic --readFilesCommand zcat
##### Initial USER parameters from Command Line:
outFileNamePrefix                 example/SQANTI3_QC_reference/STAR_mapping/UHR_Rep1_chr22
###### All USER parameters from Command Line:
runThreadN                    7     ~RE-DEFINED
genomeDir                     example/SQANTI3_QC_reference/STAR_index/     ~RE-DEFINED
readFilesIn                   data/short_reads/UHR_Rep1_chr22.R1.fastq.gz   data/short_reads/UHR_Rep1_chr22.R2.fastq.gz        ~RE-DEFINED
outFileNamePrefix             example/SQANTI3_QC_reference/STAR_mapping/UHR_Rep1_chr22     ~RE-DEFINED
alignSJoverhangMin            8     ~RE-DEFINED
alignSJDBoverhangMin          1     ~RE-DEFINED
outFilterType                 BySJout     ~RE-DEFINED
outSAMunmapped                Within        ~RE-DEFINED
outFilterMultimapNmax         20     ~RE-DEFINED
outFilterMismatchNoverLmax    0.04     ~RE-DEFINED
outFilterMismatchNmax         999     ~RE-DEFINED
alignIntronMin                20     ~RE-DEFINED
alignIntronMax                1000000     ~RE-DEFINED
alignMatesGapMax              1000000     ~RE-DEFINED
sjdbScore                     1     ~RE-DEFINED
genomeLoad                    NoSharedMemory     ~RE-DEFINED
outSAMtype                    BAM   SortedByCoordinate        ~RE-DEFINED
twopassMode                   Basic     ~RE-DEFINED
readFilesCommand              zcat        ~RE-DEFINED
##### Finished reading parameters from all sources

##### Final user re-defined parameters-----------------:
runThreadN                        7
genomeDir                         example/SQANTI3_QC_reference/STAR_index/
genomeLoad                        NoSharedMemory
readFilesIn                       data/short_reads/UHR_Rep1_chr22.R1.fastq.gz   data/short_reads/UHR_Rep1_chr22.R2.fastq.gz   
readFilesCommand                  zcat   
outFileNamePrefix                 example/SQANTI3_QC_reference/STAR_mapping/UHR_Rep1_chr22
outSAMtype                        BAM   SortedByCoordinate   
outSAMunmapped                    Within   
outFilterType                     BySJout
outFilterMultimapNmax             20
outFilterMismatchNmax             999
outFilterMismatchNoverLmax        0.04
alignIntronMin                    20
alignIntronMax                    1000000
alignMatesGapMax                  1000000
alignSJoverhangMin                8
alignSJDBoverhangMin              1
sjdbScore                         1
twopassMode                       Basic

-------------------------------
##### Final effective command line:
/home/pabloati/miniforge3/envs/sqanti3/bin/STAR-avx2   --runThreadN 7   --genomeDir example/SQANTI3_QC_reference/STAR_index/   --genomeLoad NoSharedMemory   --readFilesIn data/short_reads/UHR_Rep1_chr22.R1.fastq.gz   data/short_reads/UHR_Rep1_chr22.R2.fastq.gz      --readFilesCommand zcat      --outFileNamePrefix example/SQANTI3_QC_reference/STAR_mapping/UHR_Rep1_chr22   --outSAMtype BAM   SortedByCoordinate      --outSAMunmapped Within      --outFilterType BySJout   --outFilterMultimapNmax 20   --outFilterMismatchNmax 999   --outFilterMismatchNoverLmax 0.04   --alignIntronMin 20   --alignIntronMax 1000000   --alignMatesGapMax 1000000   --alignSJoverhangMin 8   --alignSJDBoverhangMin 1   --sjdbScore 1   --twopassMode Basic
----------------------------------------

Number of fastq files for each mate = 1

   Input read files for mate 1 :
-rwxrwxr-x 1 pabloati pabloati 13750037 abr 30 09:23 data/short_reads/UHR_Rep1_chr22.R1.fastq.gz

   readsCommandsFile:
exec > "example/SQANTI3_QC_reference/STAR_mapping/UHR_Rep1_chr22_STARtmp/tmp.fifo.read1"
echo FILE 0
zcat      "data/short_reads/UHR_Rep1_chr22.R1.fastq.gz"


   Input read files for mate 2 :
-rwxrwxr-x 1 pabloati pabloati 14774508 abr 30 09:23 data/short_reads/UHR_Rep1_chr22.R2.fastq.gz

   readsCommandsFile:
exec > "example/SQANTI3_QC_reference/STAR_mapping/UHR_Rep1_chr22_STARtmp/tmp.fifo.read2"
echo FILE 0
zcat      "data/short_reads/UHR_Rep1_chr22.R2.fastq.gz"

ParametersSolo: --soloCellFilterType CellRanger2.2 filtering parameters:  3000 0.99 10
WARNING: --limitBAMsortRAM=0, will use genome size as RAM limit for BAM sorting
Finished loading and checking parameters
Reading genome generation parameters:
### /home/pabloati/miniforge3/envs/sqanti3/bin/STAR-avx2   --runMode genomeGenerate      --runThreadN 7   --genomeDir example/SQANTI3_QC_reference/STAR_index/   --genomeFastaFiles data/reference/GRCh38.p13_chr22.fasta      --outTmpDir example/SQANTI3_QC_reference/STAR_index//_STARtmp/
### GstrandBit=32
versionGenome                 2.7.4a     ~RE-DEFINED
genomeType                    Full     ~RE-DEFINED
genomeFastaFiles              data/reference/GRCh38.p13_chr22.fasta        ~RE-DEFINED
genomeSAindexNbases           14     ~RE-DEFINED
genomeChrBinNbits             18     ~RE-DEFINED
genomeSAsparseD               1     ~RE-DEFINED
genomeTransformType           None     ~RE-DEFINED
genomeTransformVCF            -     ~RE-DEFINED
sjdbOverhang                  0     ~RE-DEFINED
sjdbFileChrStartEnd           -        ~RE-DEFINED
sjdbGTFfile                   -     ~RE-DEFINED
sjdbGTFchrPrefix              -     ~RE-DEFINED
sjdbGTFfeatureExon            exon     ~RE-DEFINED
sjdbGTFtagExonParentTranscripttranscript_id     ~RE-DEFINED
sjdbGTFtagExonParentGene      gene_id     ~RE-DEFINED
sjdbInsertSave                Basic     ~RE-DEFINED
genomeFileSizes               50855936   323068164        ~RE-DEFINED
Genome version is compatible with current STAR
Number of real (reference) chromosomes= 1
1	chr22	50818468	0
Started loading the genome: Fri Jun 20 10:09:30 2025

Genome: size given as a parameter = 50855936
SA: size given as a parameter = 323068164
SAindex: size given as a parameter = 1
Read from SAindex: pGe.gSAindexNbases=14  nSAi=357913940
nGenome=50855936;  nSAbyte=323068164
GstrandBit=32   SA number of indices=78319554
Shared memory is not used for genomes. Allocated a private copy of the genome.
Genome file size: 50855936 bytes; state: good=1 eof=0 fail=0 bad=0
Loading Genome ... done! state: good=1 eof=0 fail=0 bad=0; loaded 50855936 bytes
SA file size: 323068164 bytes; state: good=1 eof=0 fail=0 bad=0
Loading SA ... done! state: good=1 eof=0 fail=0 bad=0; loaded 323068164 bytes
Loading SAindex ... done: 1565873619 bytes
Finished loading the genome: Fri Jun 20 10:09:31 2025

To accommodate alignIntronMax=1000000 redefined winBinNbits=18
To accommodate alignIntronMax=1000000 and alignMatesGapMax=1000000, redefined winFlankNbins=4 and winAnchorDistNbins=8
Opening the file: example/SQANTI3_QC_reference/STAR_mapping/UHR_Rep1_chr22_STARtmp//FilterBySJoutFiles.mate1.thread0 ... ok
Opening the file: example/SQANTI3_QC_reference/STAR_mapping/UHR_Rep1_chr22_STARtmp//FilterBySJoutFiles.mate2.thread0 ... ok
Opening the file: example/SQANTI3_QC_reference/STAR_mapping/UHR_Rep1_chr22_STARtmp//FilterBySJoutFiles.mate1.thread1 ... ok
Opening the file: example/SQANTI3_QC_reference/STAR_mapping/UHR_Rep1_chr22_STARtmp//FilterBySJoutFiles.mate2.thread1 ... ok
Opening the file: example/SQANTI3_QC_reference/STAR_mapping/UHR_Rep1_chr22_STARtmp//FilterBySJoutFiles.mate1.thread2 ... ok
Opening the file: example/SQANTI3_QC_reference/STAR_mapping/UHR_Rep1_chr22_STARtmp//FilterBySJoutFiles.mate2.thread2 ... ok
Opening the file: example/SQANTI3_QC_reference/STAR_mapping/UHR_Rep1_chr22_STARtmp//FilterBySJoutFiles.mate1.thread3 ... ok
Opening the file: example/SQANTI3_QC_reference/STAR_mapping/UHR_Rep1_chr22_STARtmp//FilterBySJoutFiles.mate2.thread3 ... ok
Opening the file: example/SQANTI3_QC_reference/STAR_mapping/UHR_Rep1_chr22_STARtmp//FilterBySJoutFiles.mate1.thread4 ... ok
Opening the file: example/SQANTI3_QC_reference/STAR_mapping/UHR_Rep1_chr22_STARtmp//FilterBySJoutFiles.mate2.thread4 ... ok
Opening the file: example/SQANTI3_QC_reference/STAR_mapping/UHR_Rep1_chr22_STARtmp//FilterBySJoutFiles.mate1.thread5 ... ok
Opening the file: example/SQANTI3_QC_reference/STAR_mapping/UHR_Rep1_chr22_STARtmp//FilterBySJoutFiles.mate2.thread5 ... ok
Opening the file: example/SQANTI3_QC_reference/STAR_mapping/UHR_Rep1_chr22_STARtmp//FilterBySJoutFiles.mate1.thread6 ... ok
Opening the file: example/SQANTI3_QC_reference/STAR_mapping/UHR_Rep1_chr22_STARtmp//FilterBySJoutFiles.mate2.thread6 ... ok
Created thread # 1
Created thread # 2
Starting to map file # 0
mate 1:   data/short_reads/UHR_Rep1_chr22.R1.fastq.gz
mate 2:   data/short_reads/UHR_Rep1_chr22.R2.fastq.gz
Created thread # 3
Created thread # 4
Created thread # 5
Created thread # 6
Thread #4 end of input stream, nextChar=-1
Completed: thread #5
Completed: thread #0
Completed: thread #6
Completed: thread #1
Joined thread # 1
Completed: thread #2
Joined thread # 2
Completed: thread #4
Completed: thread #3
Joined thread # 3
Joined thread # 4
Joined thread # 5
Joined thread # 6
Jun 20 10:10:06   Loaded database junctions from the 1st pass file: example/SQANTI3_QC_reference/STAR_mapping/UHR_Rep1_chr22_STARpass1//SJ.out.tab: 3579 total junctions

Jun 20 10:10:06   Finished preparing junctions
Jun 20 10:10:06 ..... inserting junctions into the genome indices
Jun 20 10:10:10   Finished SA search: number of new junctions=3579, old junctions=0
Jun 20 10:10:10   Finished sorting SA indicesL nInd=1431600
Genome size with junctions=51575315  50855936   719379
GstrandBit1=32   GstrandBit=32
Jun 20 10:10:11   Finished inserting junction indices
Jun 20 10:10:17   Finished SAi
Jun 20 10:10:17 ..... finished inserting junctions into genome

   Input read files for mate 1 :
-rwxrwxr-x 1 pabloati pabloati 13750037 abr 30 09:23 data/short_reads/UHR_Rep1_chr22.R1.fastq.gz

   readsCommandsFile:
exec > "example/SQANTI3_QC_reference/STAR_mapping/UHR_Rep1_chr22_STARtmp/tmp.fifo.read1"
echo FILE 0
zcat      "data/short_reads/UHR_Rep1_chr22.R1.fastq.gz"


   Input read files for mate 2 :
-rwxrwxr-x 1 pabloati pabloati 14774508 abr 30 09:23 data/short_reads/UHR_Rep1_chr22.R2.fastq.gz

   readsCommandsFile:
exec > "example/SQANTI3_QC_reference/STAR_mapping/UHR_Rep1_chr22_STARtmp/tmp.fifo.read2"
echo FILE 0
zcat      "data/short_reads/UHR_Rep1_chr22.R2.fastq.gz"

Opening the file: example/SQANTI3_QC_reference/STAR_mapping/UHR_Rep1_chr22_STARtmp//FilterBySJoutFiles.mate1.thread0 ... ok
Opening the file: example/SQANTI3_QC_reference/STAR_mapping/UHR_Rep1_chr22_STARtmp//FilterBySJoutFiles.mate2.thread0 ... ok
Opening the file: example/SQANTI3_QC_reference/STAR_mapping/UHR_Rep1_chr22_STARtmp//FilterBySJoutFiles.mate1.thread1 ... ok
Opening the file: example/SQANTI3_QC_reference/STAR_mapping/UHR_Rep1_chr22_STARtmp//FilterBySJoutFiles.mate2.thread1 ... ok
Opening the file: example/SQANTI3_QC_reference/STAR_mapping/UHR_Rep1_chr22_STARtmp//FilterBySJoutFiles.mate1.thread2 ... ok
Opening the file: example/SQANTI3_QC_reference/STAR_mapping/UHR_Rep1_chr22_STARtmp//FilterBySJoutFiles.mate2.thread2 ... ok
Opening the file: example/SQANTI3_QC_reference/STAR_mapping/UHR_Rep1_chr22_STARtmp//FilterBySJoutFiles.mate1.thread3 ... ok
Opening the file: example/SQANTI3_QC_reference/STAR_mapping/UHR_Rep1_chr22_STARtmp//FilterBySJoutFiles.mate2.thread3 ... ok
Opening the file: example/SQANTI3_QC_reference/STAR_mapping/UHR_Rep1_chr22_STARtmp//FilterBySJoutFiles.mate1.thread4 ... ok
Opening the file: example/SQANTI3_QC_reference/STAR_mapping/UHR_Rep1_chr22_STARtmp//FilterBySJoutFiles.mate2.thread4 ... ok
Opening the file: example/SQANTI3_QC_reference/STAR_mapping/UHR_Rep1_chr22_STARtmp//FilterBySJoutFiles.mate1.thread5 ... ok
Opening the file: example/SQANTI3_QC_reference/STAR_mapping/UHR_Rep1_chr22_STARtmp//FilterBySJoutFiles.mate2.thread5 ... ok
Opening the file: example/SQANTI3_QC_reference/STAR_mapping/UHR_Rep1_chr22_STARtmp//FilterBySJoutFiles.mate1.thread6 ... ok
Opening the file: example/SQANTI3_QC_reference/STAR_mapping/UHR_Rep1_chr22_STARtmp//FilterBySJoutFiles.mate2.thread6 ... ok
Created thread # 1
Created thread # 2
Created thread # 3
Starting to map file # 0
mate 1:   data/short_reads/UHR_Rep1_chr22.R1.fastq.gz
mate 2:   data/short_reads/UHR_Rep1_chr22.R2.fastq.gz
Created thread # 4
Created thread # 5
Created thread # 6
Thread #4 end of input stream, nextChar=-1
Completed: thread #0
Completed: thread #5
Completed: thread #6
Completed: thread #1
Joined thread # 1
Completed: thread #2
Joined thread # 2
Completed: thread #4
Completed: thread #3
Joined thread # 3
Joined thread # 4
Joined thread # 5
Joined thread # 6
Completed stage 1 mapping of outFilterBySJout mapping
Detected 10 novel junctions that passed filtering, will proceed to filter reads that contained unannotated junctions
Created thread # 1
Created thread # 2
Created thread # 3
Created thread # 4
BAM sorting: 0 mapped reads
BAM sorting bins genomic start loci:
1	7	3086368768
2	7	3086368768
3	7	3086368768
4	7	3086368768
5	7	3086368768
6	7	3086368768
7	7	3086368768
8	7	3086368768
Created thread # 5
8	7	3086368768
9	7	3086368768
10	7	3086368768
11	7	3086368768
12	7	3086368768
13	7	3086368768
14	7	3086368768
15	7	Completed: thread #3086368768
15	7	Completed: thread #3086368768
5
16	7	3086368768
17	7	3086368768
18	7	3086368768
19	7	3086368768
Created thread # 6
19	7	3086368768
20	7	3086368768
21	7	3086368768
22	7	3086368768
23	7	3086368768
Completed: thread #6
23	7	3086368768
24	7	3086368768
24	7	3086368768
Completed: thread #25	70b
3086368768
24	7	3086368768
Completed: thread #25	70b
308636876826	7	3086368768
27	7	3086368768
28	7	3086368768
29	7	3086368768
30	7	3086368768
31	7	3086368768
32	7	3086368768
33	7	3086368768
34	7	3086368768
35	7	3086368768
36	7	3086368768
37	7	3086368768
38	7	3086368768
39	7	3086368768
40	7	3086368768
41	7	3086368768
42	7	3086368768
43	7	3086368768
44	7	3086368768
45	7	3086368768
46	7	3086368768
47	7	3086368768
48	7	3086368768
Completed: thread #3
Completed: thread #4
Completed: thread #2
Completed: thread #1
Joined thread # 1
Joined thread # 2
Joined thread # 3
Joined thread # 4
Joined thread # 5
Joined thread # 6
Jun 20 10:10:54 ..... finished mapping
RAM after mapping:
VmPeak:	 6151456 kB; VmSize:	 6039360 kB; VmHWM:	 3926160 kB; VmRSS:	 3873788 kB; 
RAM after freeing genome index memory:
VmPeak:	 6151456 kB; VmSize:	 2329344 kB; VmHWM:	 3926160 kB; VmRSS:	 1657452 kB; 
Jun 20 10:10:54 ..... started sorting BAM
Max memory needed for sorting = 67039860
ALL DONE!
