                                 Started job on |	Jul 01 11:20:21
                             Started mapping on |	Jul 01 11:20:58
                                    Finished on |	Jul 01 11:21:29
       Mapping speed, Million of reads per hour |	26.41

                          Number of input reads |	227392
                      Average input read length |	200
                                    UNIQUE READS:
                   Uniquely mapped reads number |	102767
                        Uniquely mapped reads % |	45.19%
                          Average mapped length |	199.79
                       Number of splices: Total |	46792
            Number of splices: Annotated (sjdb) |	46792
                       Number of splices: GT/AG |	46677
                       Number of splices: GC/AG |	82
                       Number of splices: AT/AC |	0
               Number of splices: Non-canonical |	33
                      Mismatch rate per base, % |	0.18%
                         Deletion rate per base |	0.01%
                        Deletion average length |	1.10
                        Insertion rate per base |	0.01%
                       Insertion average length |	1.10
                             MULTI-MAPPING READS:
        Number of reads mapped to multiple loci |	6059
             % of reads mapped to multiple loci |	2.66%
        Number of reads mapped to too many loci |	0
             % of reads mapped to too many loci |	0.00%
                                  UNMAPPED READS:
  Number of reads unmapped: too many mismatches |	1
       % of reads unmapped: too many mismatches |	0.00%
            Number of reads unmapped: too short |	25194
                 % of reads unmapped: too short |	11.08%
                Number of reads unmapped: other |	93371
                     % of reads unmapped: other |	41.06%
                                  CHIMERIC READS:
                       Number of chimeric reads |	0
                            % of chimeric reads |	0.00%
