STAR version=2.7.9a
STAR compilation time,server,dir=2021-05-04T09:43:56-0400 vega:/home/dobin/data/STAR/STARcode/STAR.master/source
##### Command Line:
STAR --runThreadN 4 --genomeDir /blue/conesa/fpardopalacios/github/SQANTI3/example/SQANTI3_output/STAR_index/ --readFilesIn UHR_Rep1_chr22.R1.fastq.gz UHR_Rep1_chr22.R2.fastq.gz --outFileNamePrefix /blue/conesa/fpardopalacios/github/SQANTI3/example/SQANTI3_output/STAR_mapping/UHR_Rep1_chr22 --alignSJoverhangMin 8 --alignSJDBoverhangMin 1 --outFilterType BySJout --outSAMunmapped Within --outFilterMultimapNmax 20 --outFilterMismatchNoverLmax 0.04 --outFilterMismatchNmax 999 --alignIntronMin 20 --alignIntronMax 1000000 --alignMatesGapMax 1000000 --sjdbScore 1 --genomeLoad NoSharedMemory --outSAMtype BAM SortedByCoordinate --readFilesCommand zcat --twopassMode Basic
##### Initial USER parameters from Command Line:
outFileNamePrefix                 /blue/conesa/fpardopalacios/github/SQANTI3/example/SQANTI3_output/STAR_mapping/UHR_Rep1_chr22
###### All USER parameters from Command Line:
runThreadN                    4     ~RE-DEFINED
genomeDir                     /blue/conesa/fpardopalacios/github/SQANTI3/example/SQANTI3_output/STAR_index/     ~RE-DEFINED
readFilesIn                   UHR_Rep1_chr22.R1.fastq.gz   UHR_Rep1_chr22.R2.fastq.gz        ~RE-DEFINED
outFileNamePrefix             /blue/conesa/fpardopalacios/github/SQANTI3/example/SQANTI3_output/STAR_mapping/UHR_Rep1_chr22     ~RE-DEFINED
alignSJoverhangMin            8     ~RE-DEFINED
alignSJDBoverhangMin          1     ~RE-DEFINED
outFilterType                 BySJout     ~RE-DEFINED
outSAMunmapped                Within        ~RE-DEFINED
outFilterMultimapNmax         20     ~RE-DEFINED
outFilterMismatchNoverLmax    0.04     ~RE-DEFINED
outFilterMismatchNmax         999     ~RE-DEFINED
alignIntronMin                20     ~RE-DEFINED
alignIntronMax                1000000     ~RE-DEFINED
alignMatesGapMax              1000000     ~RE-DEFINED
sjdbScore                     1     ~RE-DEFINED
genomeLoad                    NoSharedMemory     ~RE-DEFINED
outSAMtype                    BAM   SortedByCoordinate        ~RE-DEFINED
readFilesCommand              zcat        ~RE-DEFINED
twopassMode                   Basic     ~RE-DEFINED
##### Finished reading parameters from all sources

##### Final user re-defined parameters-----------------:
runThreadN                        4
genomeDir                         /blue/conesa/fpardopalacios/github/SQANTI3/example/SQANTI3_output/STAR_index/
genomeLoad                        NoSharedMemory
readFilesIn                       UHR_Rep1_chr22.R1.fastq.gz   UHR_Rep1_chr22.R2.fastq.gz   
readFilesCommand                  zcat   
outFileNamePrefix                 /blue/conesa/fpardopalacios/github/SQANTI3/example/SQANTI3_output/STAR_mapping/UHR_Rep1_chr22
outSAMtype                        BAM   SortedByCoordinate   
outSAMunmapped                    Within   
outFilterType                     BySJout
outFilterMultimapNmax             20
outFilterMismatchNmax             999
outFilterMismatchNoverLmax        0.04
alignIntronMin                    20
alignIntronMax                    1000000
alignMatesGapMax                  1000000
alignSJoverhangMin                8
alignSJDBoverhangMin              1
sjdbScore                         1
twopassMode                       Basic

-------------------------------
##### Final effective command line:
STAR   --runThreadN 4   --genomeDir /blue/conesa/fpardopalacios/github/SQANTI3/example/SQANTI3_output/STAR_index/   --genomeLoad NoSharedMemory   --readFilesIn UHR_Rep1_chr22.R1.fastq.gz   UHR_Rep1_chr22.R2.fastq.gz      --readFilesCommand zcat      --outFileNamePrefix /blue/conesa/fpardopalacios/github/SQANTI3/example/SQANTI3_output/STAR_mapping/UHR_Rep1_chr22   --outSAMtype BAM   SortedByCoordinate      --outSAMunmapped Within      --outFilterType BySJout   --outFilterMultimapNmax 20   --outFilterMismatchNmax 999   --outFilterMismatchNoverLmax 0.04   --alignIntronMin 20   --alignIntronMax 1000000   --alignMatesGapMax 1000000   --alignSJoverhangMin 8   --alignSJDBoverhangMin 1   --sjdbScore 1   --twopassMode Basic
----------------------------------------

Number of fastq files for each mate = 1

   Input read files for mate 1 :
-rw-r--r-- 1 fpardopalacios conesa 13464036 jun 21 09:31 UHR_Rep1_chr22.R1.fastq.gz

   readsCommandsFile:
exec > "/blue/conesa/fpardopalacios/github/SQANTI3/example/SQANTI3_output/STAR_mapping/UHR_Rep1_chr22_STARtmp/tmp.fifo.read1"
echo FILE 0
zcat      "UHR_Rep1_chr22.R1.fastq.gz"


   Input read files for mate 2 :
-rw-r--r-- 1 fpardopalacios conesa 14475272 jun 21 09:31 UHR_Rep1_chr22.R2.fastq.gz

   readsCommandsFile:
exec > "/blue/conesa/fpardopalacios/github/SQANTI3/example/SQANTI3_output/STAR_mapping/UHR_Rep1_chr22_STARtmp/tmp.fifo.read2"
echo FILE 0
zcat      "UHR_Rep1_chr22.R2.fastq.gz"

ParametersSolo: --soloCellFilterType CellRanger2.2 filtering parameters:  3000 0.99 10
WARNING: --limitBAMsortRAM=0, will use genome size as RAM limit for BAM sorting
Finished loading and checking parameters
Reading genome generation parameters:
### STAR   --runMode genomeGenerate      --runThreadN 4   --genomeDir /blue/conesa/fpardopalacios/github/SQANTI3/example/SQANTI3_output/STAR_index/   --genomeFastaFiles /blue/conesa/fpardopalacios/github/SQANTI3/example/GRCh38.p13_chr22.fasta   
### GstrandBit=32
versionGenome                 2.7.4a     ~RE-DEFINED
genomeType                    Full     ~RE-DEFINED
genomeFastaFiles              /blue/conesa/fpardopalacios/github/SQANTI3/example/GRCh38.p13_chr22.fasta        ~RE-DEFINED
genomeSAindexNbases           14     ~RE-DEFINED
genomeChrBinNbits             18     ~RE-DEFINED
genomeSAsparseD               1     ~RE-DEFINED
genomeTransformType           None     ~RE-DEFINED
genomeTransformVCF            -     ~RE-DEFINED
sjdbOverhang                  0     ~RE-DEFINED
sjdbFileChrStartEnd           -        ~RE-DEFINED
sjdbGTFfile                   -     ~RE-DEFINED
sjdbGTFchrPrefix              -     ~RE-DEFINED
sjdbGTFfeatureExon            exon     ~RE-DEFINED
sjdbGTFtagExonParentTranscripttranscript_id     ~RE-DEFINED
sjdbGTFtagExonParentGene      gene_id     ~RE-DEFINED
sjdbInsertSave                Basic     ~RE-DEFINED
genomeFileSizes               50855936   323068164        ~RE-DEFINED
Genome version is compatible with current STAR
Number of real (reference) chromosomes= 1
1	chr22	50818468	0
Started loading the genome: Tue Jun 22 10:17:01 2021

Genome: size given as a parameter = 50855936
SA: size given as a parameter = 323068164
SAindex: size given as a parameter = 1
Read from SAindex: pGe.gSAindexNbases=14  nSAi=357913940
nGenome=50855936;  nSAbyte=323068164
GstrandBit=32   SA number of indices=78319554
Shared memory is not used for genomes. Allocated a private copy of the genome.
Genome file size: 50855936 bytes; state: good=1 eof=0 fail=0 bad=0
Loading Genome ... done! state: good=1 eof=0 fail=0 bad=0; loaded 50855936 bytes
SA file size: 323068164 bytes; state: good=1 eof=0 fail=0 bad=0
Loading SA ... done! state: good=1 eof=0 fail=0 bad=0; loaded 323068164 bytes
Loading SAindex ... done: 1565873619 bytes
Finished loading the genome: Tue Jun 22 10:17:02 2021

To accommodate alignIntronMax=1000000 redefined winBinNbits=18
To accommodate alignIntronMax=1000000 and alignMatesGapMax=1000000, redefined winFlankNbins=4 and winAnchorDistNbins=8
Opening the file: /blue/conesa/fpardopalacios/github/SQANTI3/example/SQANTI3_output/STAR_mapping/UHR_Rep1_chr22_STARtmp//FilterBySJoutFiles.mate1.thread0 ... ok
Opening the file: /blue/conesa/fpardopalacios/github/SQANTI3/example/SQANTI3_output/STAR_mapping/UHR_Rep1_chr22_STARtmp//FilterBySJoutFiles.mate2.thread0 ... ok
Opening the file: /blue/conesa/fpardopalacios/github/SQANTI3/example/SQANTI3_output/STAR_mapping/UHR_Rep1_chr22_STARtmp//FilterBySJoutFiles.mate1.thread1 ... ok
Opening the file: /blue/conesa/fpardopalacios/github/SQANTI3/example/SQANTI3_output/STAR_mapping/UHR_Rep1_chr22_STARtmp//FilterBySJoutFiles.mate2.thread1 ... ok
Opening the file: /blue/conesa/fpardopalacios/github/SQANTI3/example/SQANTI3_output/STAR_mapping/UHR_Rep1_chr22_STARtmp//FilterBySJoutFiles.mate1.thread2 ... ok
Opening the file: /blue/conesa/fpardopalacios/github/SQANTI3/example/SQANTI3_output/STAR_mapping/UHR_Rep1_chr22_STARtmp//FilterBySJoutFiles.mate2.thread2 ... ok
Opening the file: /blue/conesa/fpardopalacios/github/SQANTI3/example/SQANTI3_output/STAR_mapping/UHR_Rep1_chr22_STARtmp//FilterBySJoutFiles.mate1.thread3 ... ok
Opening the file: /blue/conesa/fpardopalacios/github/SQANTI3/example/SQANTI3_output/STAR_mapping/UHR_Rep1_chr22_STARtmp//FilterBySJoutFiles.mate2.thread3 ... ok
Created thread # 1
Created thread # 2
Created thread # 3
Starting to map file # 0
mate 1:   UHR_Rep1_chr22.R1.fastq.gz
mate 2:   UHR_Rep1_chr22.R2.fastq.gz
Thread #3 end of input stream, nextChar=-1
Completed: thread #1
Completed: thread #2
Completed: thread #3
Completed: thread #0
Joined thread # 1
Joined thread # 2
Joined thread # 3
Jun 22 10:17:46   Loaded database junctions from the 1st pass file: /blue/conesa/fpardopalacios/github/SQANTI3/example/SQANTI3_output/STAR_mapping/UHR_Rep1_chr22_STARpass1//SJ.out.tab: 3579 total junctions

Jun 22 10:17:46   Finished preparing junctions
Jun 22 10:17:46 ..... inserting junctions into the genome indices
Jun 22 10:17:47   Finished SA search: number of new junctions=3579, old junctions=0
Jun 22 10:17:47   Finished sorting SA indicesL nInd=1431600
Genome size with junctions=51575315  50855936   719379
GstrandBit1=32   GstrandBit=32
Jun 22 10:17:48   Finished inserting junction indices
Jun 22 10:17:57   Finished SAi
Jun 22 10:17:57 ..... finished inserting junctions into genome

   Input read files for mate 1 :
-rw-r--r-- 1 fpardopalacios conesa 13464036 jun 21 09:31 UHR_Rep1_chr22.R1.fastq.gz

   readsCommandsFile:
exec > "/blue/conesa/fpardopalacios/github/SQANTI3/example/SQANTI3_output/STAR_mapping/UHR_Rep1_chr22_STARtmp/tmp.fifo.read1"
echo FILE 0
zcat      "UHR_Rep1_chr22.R1.fastq.gz"


   Input read files for mate 2 :
-rw-r--r-- 1 fpardopalacios conesa 14475272 jun 21 09:31 UHR_Rep1_chr22.R2.fastq.gz

   readsCommandsFile:
exec > "/blue/conesa/fpardopalacios/github/SQANTI3/example/SQANTI3_output/STAR_mapping/UHR_Rep1_chr22_STARtmp/tmp.fifo.read2"
echo FILE 0
zcat      "UHR_Rep1_chr22.R2.fastq.gz"

Opening the file: /blue/conesa/fpardopalacios/github/SQANTI3/example/SQANTI3_output/STAR_mapping/UHR_Rep1_chr22_STARtmp//FilterBySJoutFiles.mate1.thread0 ... ok
Opening the file: /blue/conesa/fpardopalacios/github/SQANTI3/example/SQANTI3_output/STAR_mapping/UHR_Rep1_chr22_STARtmp//FilterBySJoutFiles.mate2.thread0 ... ok
Opening the file: /blue/conesa/fpardopalacios/github/SQANTI3/example/SQANTI3_output/STAR_mapping/UHR_Rep1_chr22_STARtmp//FilterBySJoutFiles.mate1.thread1 ... ok
Opening the file: /blue/conesa/fpardopalacios/github/SQANTI3/example/SQANTI3_output/STAR_mapping/UHR_Rep1_chr22_STARtmp//FilterBySJoutFiles.mate2.thread1 ... ok
Opening the file: /blue/conesa/fpardopalacios/github/SQANTI3/example/SQANTI3_output/STAR_mapping/UHR_Rep1_chr22_STARtmp//FilterBySJoutFiles.mate1.thread2 ... ok
Opening the file: /blue/conesa/fpardopalacios/github/SQANTI3/example/SQANTI3_output/STAR_mapping/UHR_Rep1_chr22_STARtmp//FilterBySJoutFiles.mate2.thread2 ... ok
Opening the file: /blue/conesa/fpardopalacios/github/SQANTI3/example/SQANTI3_output/STAR_mapping/UHR_Rep1_chr22_STARtmp//FilterBySJoutFiles.mate1.thread3 ... ok
Opening the file: /blue/conesa/fpardopalacios/github/SQANTI3/example/SQANTI3_output/STAR_mapping/UHR_Rep1_chr22_STARtmp//FilterBySJoutFiles.mate2.thread3 ... ok
Created thread # 1
Created thread # 2
Created thread # 3
Starting to map file # 0
mate 1:   UHR_Rep1_chr22.R1.fastq.gz
mate 2:   UHR_Rep1_chr22.R2.fastq.gz
Thread #0 end of input stream, nextChar=-1
Completed: thread #1
Completed: thread #2
Completed: thread #0
Joined thread # 1
Joined thread # 2
Completed: thread #3
Joined thread # 3
Completed stage 1 mapping of outFilterBySJout mapping
Detected 10 novel junctions that passed filtering, will proceed to filter reads that contained unannotated junctions
Created thread # 1
Created thread # 2
Created thread # 3
BAM sorting: 0 mapped reads
BAM sorting bins genomic start loci:
1	0	15679779
2	0	15679779
3	0	15679779
4	0	15679779
5	0	15679779
6	0	15679779
7	0	15679779
8	0	15679779
9	0	15679779
10	0	15679779
11	0	15679779
12	0	15679779
13	0	15679779
14	0	15679779
15	0	15679779
16	0	15679779
17	0	15679779
18	0	15679779
19	0	15679779
20	0	15679779
21	0	15679779
22	0	15679779
23	0	15679779
24	0	15679779
25	0	15679779
26	0	15679779
27	0	15679779
28	0	15679779
29	0	15679779
30	0	15679779
31	0	15679779
32	0	15679779
33	0	15679779
34	0	15679779
35	0	15679779
36	0	15679779
37	0	15679779
38	0	15679779
39	0	15679779
40	0	15679779
41	0	15679779
42	0	15679779
43	0	15679779
44	0	15679779
45	0	15679779
46	0	15679779
47	0	15679779
48	0	15679779
Completed: thread #3
Completed: thread #0
Completed: thread #2
Completed: thread #1
Joined thread # 1
Joined thread # 2
Joined thread # 3
Jun 22 10:18:45 ..... started sorting BAM
Max memory needed for sorting = 67008540
ALL DONE!
